2025.04.28 14:36:07 INFO  Started: Metals version 1.5.2 in folders '/home/tomasz/e-biznes/zadanie7/scala' for client Visual Studio Code 1.99.3.[0m
2025.04.28 14:36:53 WARN  Build server is not auto-connectable.[0m
Apr 28, 2025 2:37:14 PM org.eclipse.lsp4j.jsonrpc.services.GenericEndpoint notify
INFO: Unsupported notification method: $/setTrace
Apr 28, 2025 2:37:28 PM org.eclipse.lsp4j.jsonrpc.services.GenericEndpoint notify
INFO: Unsupported notification method: $/setTrace
Apr 28, 2025 2:38:43 PM org.eclipse.lsp4j.jsonrpc.services.GenericEndpoint notify
INFO: Unsupported notification method: $/setTrace
Apr 28, 2025 2:38:44 PM org.eclipse.lsp4j.jsonrpc.services.GenericEndpoint notify
INFO: Unsupported notification method: $/setTrace
Apr 28, 2025 2:38:44 PM org.eclipse.lsp4j.jsonrpc.services.GenericEndpoint notify
INFO: Unsupported notification method: $/setTrace
Apr 28, 2025 2:38:47 PM org.eclipse.lsp4j.jsonrpc.services.GenericEndpoint notify
INFO: Unsupported notification method: $/setTrace
Apr 28, 2025 2:39:18 PM org.eclipse.lsp4j.jsonrpc.services.GenericEndpoint notify
INFO: Unsupported notification method: $/setTrace
2025.04.28 14:47:41 INFO  Started: Metals version 1.5.2 in folders '/home/tomasz/e-biznes/zadanie7/scala' for client Visual Studio Code 1.99.3.[0m
2025.04.28 14:47:47 INFO  time: initialize in 4.05s[0m
2025.04.28 14:48:41 INFO  Started: Metals version 1.5.2 in folders '/home/tomasz/e-biznes/zadanie7/scala' for client Visual Studio Code 1.99.3.[0m
2025.04.28 14:49:51 INFO  Started: Metals version 1.5.2 in folders '/home/tomasz/e-biznes/zadanie7/scala' for client Visual Studio Code 1.99.3.[0m
2025.04.28 14:50:08 WARN  Build server is not auto-connectable.[0m
2025.04.28 14:52:05 INFO  Shutting down server[0m
2025.04.28 14:52:05 INFO  shutting down Metals[0m
2025.04.28 14:52:05 INFO  Exiting server[0m
2025.05.05 10:28:03 INFO  Started: Metals version 1.5.2 in folders '/home/tomasz/e-biznes/zadanie7/server' for client Visual Studio Code 1.99.3.[0m
2025.05.05 10:28:08 WARN  Build server is not auto-connectable.[0m
